Features: {"Admin", "CourseAnnoucements", "OpenSubscription", "LostPassword", "RegisteredUser", "CourseAgenda", "CourseDescription", "Teacher", "CourseDocument", "CourseExercise", "CourseGroup", "CourseLearnPath", "CourseDiscussion", "CourseForum", "CourseUser", "CourseWiki", "CourseWork", "Visibility", "Course", "Access", "Tools", "x65", "x64", "x67", "Student", "x69", "x66", "x68", "ReactivableByOwner", "PublicVisibility", "CourseIndex", "Available", "AvailableFromTo", "MembersVisibility", "ArtificialParentCourseUser", "x90", "x91", "ArtificialParentCourseDescription", "ArtificialParentCourseAnnoucements", "ArtificialParentCourseForum", "MembersAccess", "IdentifiedAccess", "FreeAccess", "x84", "x87", "x86", "x85", "x89", "x88", "User", "Claroline", "x62", "UnregisteredUser", "x63", "ArtificialParentLostPassword", "Subscription", "ArtificialParentOpenSubscription", "RegistrationDenied", "x83", "Registration", "AllowedRegistration", "x82", "Status", "ArtificialParentWithValidationRegistration", "WithValidationRegistration", "ArtificialParentWithKeyRegistration", "WithKeyRegistration", "x80", "Unavailable", "x81", "ReactivableByAdmin", "Deleted", "x79", "x77", "x76", "x78", "x70", "x73", "x71", "x75", "x74", "x72", "ArtificialParentCourseWork", "ArtificialParentCourseAgenda", "ArtificialParentCourseLearnPath", "ArtificialParentCourseDiscussion", "ArtificialParentCourseGroup", "ArtificialParentCourseDocument", "ArtificialParentCourseWiki", "ArtificialParentCourseExercise"}
Observables: {"clic(/claroline/admin/admin_category.php)", "clic(/claroline/admin/admin_class.php)", "clic(/claroline/admin/admin_courses.php)", "clic(/claroline/admin/admin_profile.php)", "clic(/claroline/admin/admin_user_course_settings.php)", "clic(/claroline/admin/admin_users.php)", "clic(/claroline/admin/adminaddnewuser.php)", "clic(/claroline/admin/admincourseusers.php)", "clic(/claroline/admin/adminmailsystem.php)", "clic(/claroline/admin/adminmergeuser.php)", "clic(/claroline/admin/adminregisteruser.php)", "clic(/claroline/admin/adminusercourses.php)", "clic(/claroline/admin/adminuserdeleted.php)", "clic(/claroline/admin/adminuserunregistered.php)", "clic(/claroline/admin/advanced_course_search.php)", "clic(/claroline/admin/advanced_user_search.php)", "clic(/claroline/admin/campusProblem.php)", "clic(/claroline/admin/clarolinenews.php)", "clic(/claroline/admin/index.php)", "clic(/claroline/admin/managing/editFile.php)", "clic(/claroline/admin/module/module_list.php)", "clic(/claroline/admin/module/module.php)", "clic(/claroline/admin/right/profile_list.php)", "clic(/claroline/admin/technical/files_stats.php)", "clic(/claroline/admin/technical/phpInfo.php)", "clic(/claroline/admin/tool/config_edit.php)", "clic(/claroline/admin/tool/config_list.php)", "clic(/claroline/admin/upgrade/upgrade_conf.php)", "clic(/claroline/admin/upgrade/upgrade_courses.php)", "clic(/claroline/admin/upgrade/upgrade_main_db.php)", "clic(/claroline/admin/upgrade/upgrade_modules.php)", "clic(/claroline/admin/upgrade/upgrade.php)", "clic(/claroline/announcements/announcements.php)", "clic(/claroline/auth/courses.php)", "clic(/claroline/auth/inscription.php)", "clic(/claroline/auth/login.php)", "clic(/claroline/auth/lostPassword.php)", "clic(/claroline/auth/profile.php)", "clic(/claroline/backends/download.php)", "clic(/claroline/backends/ical.php)", "clic(/claroline/calendar/agenda.php)", "clic(/claroline/course_description/index.php)", "clic(/claroline/course/create.php)", "clic(/claroline/course/index.php)", "clic(/claroline/course/platform_courses.php)", "clic(/claroline/course/settings.php)", "clic(/claroline/course/tools.php)", "clic(/claroline/desktop/config.php)", "clic(/claroline/desktop/index.php)", "clic(/claroline/document/document.php)", "clic(/claroline/document/rqmkhtml.php)", "clic(/claroline/exercise/admin/edit_answers.php)", "clic(/claroline/exercise/admin/edit_exercise.php)", "clic(/claroline/exercise/admin/edit_question.php)", "clic(/claroline/exercise/admin/question_category.php)", "clic(/claroline/exercise/admin/question_pool.php)", "clic(/claroline/exercise/exercise_submit.php)", "clic(/claroline/exercise/exercise.php)", "clic(/claroline/group/group_edit.php)", "clic(/claroline/group/group_properties.php)", "clic(/claroline/group/group_space.php)", "clic(/claroline/group/group.php)", "clic(/claroline/index.php)", "clic(/claroline/learnPath/importLearningPath.php)", "clic(/claroline/learnPath/insertMyDoc.php)", "clic(/claroline/learnPath/insertMyExercise.php)", "clic(/claroline/learnPath/insertMyModule.php)", "clic(/claroline/learnPath/learningPath.php)", "clic(/claroline/learnPath/learningPathAdmin.php)", "clic(/claroline/learnPath/learningPathList.php)", "clic(/claroline/learnPath/module.php)", "clic(/claroline/learnPath/modules_pool.php)", "clic(/claroline/messaging/admin_delete.php)", "clic(/claroline/messaging/admin_search.php)", "clic(/claroline/messaging/admin.php)", "clic(/claroline/messaging/index.php)", "clic(/claroline/messaging/messagebox.php)", "clic(/claroline/messaging/messagescourse.php)", "clic(/claroline/messaging/readmessage.php)", "clic(/claroline/messaging/sendmessage.php)", "clic(/claroline/module/CLCHAT/index.php)", "clic(/claroline/notification_date.php)", "clic(/claroline/phpbb/index.php)", "clic(/claroline/phpbb/viewforum.php)", "clic(/claroline/phpbb/viewtopic.php)", "clic(/claroline/tracking/course_access_details.php)", "clic(/claroline/tracking/courseReport.php)", "clic(/claroline/tracking/delete_course_stats.php)", "clic(/claroline/tracking/learnPath_details.php)", "clic(/claroline/tracking/lp_modules_details.php)", "clic(/claroline/tracking/platform_access_details.php)", "clic(/claroline/tracking/platform_report.php)", "clic(/claroline/tracking/userReport.php)", "clic(/claroline/user/addcsvusers.php)", "clic(/claroline/user/class_add.php)", "clic(/claroline/user/user_add.php)", "clic(/claroline/user/user_pictures.php)", "clic(/claroline/user/user.php)", "clic(/claroline/user/userInfo.php)", "clic(/claroline/wiki/page.php)", "clic(/claroline/wiki/wiki.php)", "clic(/claroline/work/feedback.php)", "clic(/claroline/work/user_work.php)", "clic(/claroline/work/work_list.php)", "clic(/claroline/work/work.php)", "clic(0)"}

States: 106 (initial: 1)
Transitions: 11236
SCCs: 1
States: 10891
States: 20856
States: 30829
States: 40808
States: 50849
States: 60779
States: 70682
States: 80701
States: 90761
States: 100850
States: 110822
States: 120711
States: 130782
States: 140724
States: 150706
States: 160635
States: 170749
States: 180654
States: 190839
States: 200781
States: 210772
States: 220801
States: 230734
States: 240806
States: 250771
States: 260738
States: 270564
States: 280499
States: 290743
States: 300728
States: 310689
States: 320703
States: 330719
States: 340650
States: 350716
States: 360548
States: 370487
States: 380842
States: 390792
States: 400761
States: 410695
States: 420741
States: 430750
States: 440763
States: 450632
States: 460855
States: 470647
States: 480657
States: 490620
States: 500617
States: 510634
States: 520530
States: 530554
States: 540590
States: 550760
States: 560734
States: 570634
States: 580608
States: 590737
States: 600673
States: 610640
States: 620549
States: 630719
States: 640653
States: 650626
States: 660584
States: 670622
States: 680605
States: 690533
States: 700510
States: 710862
States: 720685
States: 730767
States: 740728
States: 750690
States: 760702
States: 770748
States: 780843
States: 790578
States: 800512
States: 810765
States: 820581
States: 830707
States: 840607
States: 850511
States: 860599
States: 870613
States: 880594
States: 890538
States: 900692
States: 910768
States: 920687
States: 930589
States: 940520
States: 950599
States: 960657
States: 970613
States: 980549
States: 990667
States: 1000573
States: 1010652
States: 1020454
States: 1030463
States: 1040514
States: 1050534
States: 1060545
States: 1070416
States: 1080697
States: 1090695
States: 1100649
States: 1110673
States: 1120773
States: 1130716
States: 1140529
States: 1150583
States: 1160527
States: 1170541
States: 1180536
States: 1190541
States: 1200509
States: 1210613
States: 1220572
States: 1230515
States: 1240439
States: 1250652
States: 1260594
States: 1270571
States: 1280522
States: 1290609
States: 1300528
States: 1310514
States: 1320554
States: 1330575
States: 1340557
States: 1350584
States: 1360487
States: 1370561
States: 1380502
States: 1390521
States: 1400352
States: 1410828
States: 1420637
States: 1430763
States: 1440748
States: 1450612
States: 1460738
States: 1470667
States: 1480783
States: 1490678
States: 1500748
States: 1510722
States: 1520607
States: 1530679
States: 1540618
States: 1550747
States: 1560626
States: 1570460
States: 1580590
States: 1590453
States: 1600701
States: 1610743
States: 1620662
States: 1630628
States: 1640687
States: 1650638
States: 1660492
States: 1670551
States: 1680467
States: 1690587
States: 1700583
States: 1710593
States: 1720573
States: 1730625
States: 1740557
States: 1750571
States: 1760535
States: 1770820
States: 1780677
States: 1790634
States: 1800599
States: 1810576
States: 1820672
States: 1830569
States: 1840648
States: 1850551
States: 1860678
States: 1870630
States: 1880621
States: 1890533
States: 1900644
States: 1910475
States: 1920469
States: 1930488
States: 1940640
States: 1950673
States: 1960690
States: 1970584
States: 1980626
States: 1990568
States: 2000505
States: 2010423
States: 2020359
States: 2030513
States: 2040461
States: 2050402
States: 2060575
States: 2070574
States: 2080573
States: 2090373
States: 2100687
States: 2110626
States: 2120603
States: 2130640
States: 2140558
States: 2150727
States: 2160587
States: 2170647
States: 2180622
States: 2190509
States: 2200588
States: 2210558
States: 2220524
States: 2230526
States: 2240637
States: 2250550
States: 2260627
States: 2270448
States: 2280365
States: 2290612
States: 2300577
States: 2310507
States: 2320548
States: 2330519
States: 2340512
States: 2350538
States: 2360472
States: 2370574
States: 2380504
States: 2390426
States: 2400497
States: 2410446
States: 2420445
States: 2430400
States: 2440470
States: 2450401
States: 2460669
States: 2470657
States: 2480659
States: 2490640
States: 2500713
States: 2510516
States: 2520490
States: 2530426
States: 2540439
States: 2550512
States: 2560423
States: 2570458
States: 2580371
States: 2590441
States: 2600385
States: 2610354
States: 2620347
States: 2630512
States: 2640540
States: 2650492
States: 2660441
States: 2670500
States: 2680512
States: 2690335
States: 2700411
States: 2710522
States: 2720465
States: 2730442
States: 2740391
States: 2750379
States: 2760327
States: 2770246
States: 2780226
States: 2790775
States: 2800739
States: 2810765
States: 2820677
States: 2830843
States: 2840666
States: 2850596
States: 2860659
States: 2870609
States: 2880719
States: 2890611
States: 2900702
States: 2910614
States: 2920747
States: 2930550
States: 2940520
States: 2950555
States: 2960437
States: 2970715
States: 2980715
States: 2990609
States: 3000665
States: 3010685
States: 3020581
States: 3030642
States: 3040545
States: 3050689
States: 3060608
States: 3070582
States: 3080555
States: 3090531
States: 3100499
States: 3110448
States: 3120502
States: 3130464
States: 3140723
States: 3150756
States: 3160658
States: 3170571
States: 3180650
States: 3190699
States: 3200600
States: 3210441
States: 3220532
States: 3230573
States: 3240491
States: 3250491
States: 3260718
States: 3270503
States: 3280429
States: 3290530
States: 3300719
States: 3310720
States: 3320505
States: 3330499
States: 3340691
States: 3350539
States: 3360430
States: 3370414
States: 3380371
States: 3390430
States: 3400413
States: 3410460
States: 3420541
States: 3430435
States: 3440451
States: 3450391
States: 3460717
States: 3470721
States: 3480557
States: 3490581
States: 3500600
States: 3510617
States: 3520658
States: 3530532
States: 3540533
States: 3550657
States: 3560616
States: 3570640
States: 3580540
States: 3590472
States: 3600485
States: 3610414
States: 3620542
States: 3630457
States: 3640639
States: 3650553
States: 3660602
States: 3670548
States: 3680554
States: 3690479
States: 3700424
States: 3710419
States: 3720416
States: 3730553
States: 3740530
States: 3750509
States: 3760391
States: 3770387
States: 3780465
States: 3790435
States: 3800421
States: 3810662
States: 3820585
States: 3830657
States: 3840535
States: 3850641
States: 3860574
States: 3870529
States: 3880484
States: 3890719
States: 3900419
States: 3910357
States: 3920531
States: 3930544
States: 3940454
States: 3950487
States: 3960426
States: 3970577
States: 3980522
States: 3990509
States: 4000495
States: 4010475
States: 4020474
States: 4030433
States: 4040446
States: 4050513
States: 4060401
States: 4070378
States: 4080313
States: 4090340
States: 4100303
States: 4110348
States: 4120207
States: 4130767
States: 4140607
States: 4150651
States: 4160667
States: 4170762
States: 4180549
States: 4190489
States: 4200566
States: 4210464
States: 4220592
States: 4230579
States: 4240568
States: 4250521
States: 4260544
States: 4270592
States: 4280494
States: 4290539
States: 4300743
States: 4310548
States: 4320562
States: 4330528
States: 4340431
States: 4350558
States: 4360541
States: 4370503
States: 4380471
States: 4390490
States: 4400531
States: 4410449
States: 4420475
States: 4430521
States: 4440473
States: 4450447
States: 4460396
States: 4470648
States: 4480679
States: 4490516
States: 4500504
States: 4510434
States: 4520528
States: 4530472
States: 4540480
States: 4550310
States: 4560515
States: 4570420
States: 4580416
States: 4590520
States: 4600479
States: 4610522
States: 4620412
States: 4630594
States: 4640508
States: 4650552
States: 4660488
States: 4670498
States: 4680459
States: 4690518
States: 4700384
States: 4710494
States: 4720487
States: 4730419
States: 4740329
States: 4750428
States: 4760295
States: 4770268
States: 4780143
States: 4790540
States: 4800610
States: 4810512
States: 4820544
States: 4830483
States: 4840525
States: 4850515
States: 4860468
States: 4870612
States: 4880427
States: 4890382
States: 4900454
States: 4910406
States: 4920470
States: 4930376
States: 4940365
States: 4950299
States: 4960538
States: 4970459
States: 4980529
States: 4990443
States: 5000546
States: 5010394
States: 5020282
States: 5030291
States: 5040537
States: 5050336
States: 5060335
States: 5070322
States: 5080327
States: 5090381
States: 5100316
States: 5110285
States: 5120276
States: 5130470
States: 5140479
States: 5150517
States: 5160429
States: 5170532
States: 5180347
States: 5190301
States: 5200334
States: 5210534
States: 5220427
States: 5230402
States: 5240272
States: 5250376
States: 5260188
States: 5270271
States: 5280149
States: 5290346
States: 5300302
States: 5310305
States: 5320542
States: 5330241
States: 5340204
States: 5350293
States: 5360438
States: 5370392
States: 5380271
States: 5390207
States: 5400277
States: 5410246
States: 5420189
States: 5430115

== Initial VTS ==
States: 5431296 (initial: 1)
Transitions: 575717376
SCCs: 65536
Deterministic: true
Monotonic: true

== Refined VTS ==
States: 5431296 (initial: 1)
Transitions: 575717376
SCCs: 65536
Deterministic: true
Monotonic: true

== Observability Projection ==
States: 5431296 (initial: 1)
Transitions: 575717376
SCCs: 65536
Deterministic: true
Monotonic: true

== Determinize ==
States: 5431296 (initial: 1)
Transitions: 575717376
SCCs: 65536

== Flatten Beliefs ==
States: 5431296 (initial: 1)
Transitions: 575717376
SCCs: 65536
Deterministic: true
Monotonic: true

== Compress SCCs ==
States: 65536 (initial: 1)
Transitions: 6946816
SCCs: 65536
Deterministic: true
Monotonic: true

== Compress Transitions ==
States: 65536 (initial: 1)
Transitions: 6946816
SCCs: 65536
Deterministic: true
Monotonic: true
