Features: {"CreditCard", "DirectDebit", "Signature", "PIN", "Online", "Offline", "DebitCard", "Chip", "NFC", "EPurse", "PrepaidCard", "Identification", "CPTerminal", "CardReader", "Connectivity", "ArtificialParentIdentification", "PaymentSchema", "MagStrip", "Mobile3G", "VPN", "PSTN", "PrivateWAN", "ArtificialParentPIN"}
Observables: {"insert_card", "initSchema", "init_schema", "abort", "check_signature", "check_PIN_online", "check_PIN_offline", "remove_card", "no_go", "go_online", "go_offline", "ask_issuer", "accepts", "issuer_accepts", "issuer_rejects"}

States: 11 (initial: 1)
Transitions: 17
SCCs: 1

== Initial VTS ==
States: 104 (initial: 1)
Transitions: 163
SCCs: 14
Deterministic: true
Monotonic: true

== Refined VTS ==
States: 102 (initial: 1)
Transitions: 161
SCCs: 12
Deterministic: true
Monotonic: true

== Observability Projection ==
States: 102 (initial: 1)
Transitions: 161
SCCs: 12
Deterministic: true
Monotonic: true

== Determinize ==
States: 102 (initial: 1)
Transitions: 161
SCCs: 12

== Flatten Beliefs ==
States: 102 (initial: 1)
Transitions: 161
SCCs: 12
Deterministic: true
Monotonic: true

== Compress SCCs ==
States: 12 (initial: 1)
Transitions: 142
SCCs: 12
Deterministic: true
Monotonic: true

== Compress Transitions ==
States: 12 (initial: 1)
Transitions: 142
SCCs: 12
Deterministic: true
Monotonic: true

real    0m0.126s
user    0m0.087s
sys     0m0.044s