Features: {"Command", "MethaneDetect", "WaterRegulation", "Stop", "Start", "Normal", "High", "Low", "MinePump", "WaterSensor", "MethaneSensor", "MethaneAlarm", "MethaneQuery"}
Observables: {"receiveMsg", "commandMsg", "palarmMsg", "levelMsg", "stopCmd", "startCmd", "isRunning", "isNotRunning", "end", "highLevel", "lowLevel", "isReady", "pumpStop", "setStop", "setReady", "setMethaneStop", "isLowStop", "isStopped", "isMethaneStop", "isNotReady", "pumpStart", "setRunning", "setLowStop"}

States: 25 (initial: 1)
Transitions: 41
SCCs: 1

== Initial VTS ==
States: 928 (initial: 1)
Transitions: 1600
SCCs: 89
Deterministic: true
Monotonic: true

== Refined VTS ==
States: 928 (initial: 1)
Transitions: 1600
SCCs: 89
Deterministic: true
Monotonic: true

== Observability Projection ==
States: 928 (initial: 1)
Transitions: 1600
SCCs: 89
Deterministic: true
Monotonic: true

== Determinize ==
States: 928 (initial: 1)
Transitions: 1600
SCCs: 89

== Flatten Beliefs ==
States: 928 (initial: 1)
Transitions: 1600
SCCs: 89
Deterministic: true
Monotonic: true

== Compress SCCs ==
States: 447 (initial: 1)
Transitions: 1360
SCCs: 89
Deterministic: true
Monotonic: true

== Compress Transitions ==
States: 389 (initial: 1)
Transitions: 1360
SCCs: 89
Deterministic: true
Monotonic: true

real    0m0.131s
user    0m0.096s
sys     0m0.041s
