Features: {"FreeDrinks", "CancelPurchase", "Tea", "Soda", "VendingMachine", "ArtificialParentFreeDrinks", "Currency", "ArtificialParentCancelPurchase", "Beverages", "Dollar", "x13", "Euro", "x14"}
Observables: {"pay", "free", "change", "cancel", "tea", "soda", "return", "serveTea", "serveSoda", "open", "take", "close"}

States: 9 (initial: 1)
Transitions: 13
SCCs: 1

== Initial VTS ==
States: 87 (initial: 1)
Transitions: 120
SCCs: 18
Deterministic: true
Monotonic: true

== Refined VTS ==
States: 87 (initial: 1)
Transitions: 120
SCCs: 18
Deterministic: true
Monotonic: true

== Observability Projection ==
States: 87 (initial: 1)
Transitions: 120
SCCs: 18
Deterministic: true
Monotonic: true

== Determinize ==
States: 87 (initial: 1)
Transitions: 120
SCCs: 18

== Flatten Beliefs ==
States: 87 (initial: 1)
Transitions: 120
SCCs: 18
Deterministic: true
Monotonic: true

== Compress SCCs ==
States: 18 (initial: 1)
Transitions: 120
SCCs: 18
Deterministic: true
Monotonic: true

== Compress Transitions ==
States: 18 (initial: 1)
Transitions: 120
SCCs: 18
Deterministic: true
Monotonic: true

real    0m0.123s
user    0m0.093s
sys     0m0.036s